     1 00000000                                 ; haribote-ipl
     2 00000000                                 ; TAB=4
     3 00000000                                 
     4 00000000                                 ; 软盘开头的定义
     5                                          		ORG		0x7c00			; 
     6 00007C00 EB 4E                           		JMP		entry
     7 00007C02 90                              		DB		0x90
     8 00007C03 48 41 52 49 42 4F 54 45         		DB		"HARIBOTE"		; 
     9 00007C0B 0200                            		DW		512				; 
    10 00007C0D 01                              		DB		1				; 
    11 00007C0E 0001                            		DW		1				; 
    12 00007C10 02                              		DB		2				; 
    13 00007C11 00E0                            		DW		224				; 
    14 00007C13 0B40                            		DW		2880			; 
    15 00007C15 F0                              		DB		0xf0			; 
    16 00007C16 0009                            		DW		9				; 
    17 00007C18 0012                            		DW		18				; 
    18 00007C1A 0002                            		DW		2				; 
    19 00007C1C 00000000                        		DD		0				; 
    20 00007C20 00000B40                        		DD		2880			; 
    21 00007C24 00 00 29                        		DB		0,0,0x29		; 
    22 00007C27 FFFFFFFF                        		DD		0xffffffff		; 
    23 00007C2B 48 41 52 49 42 4F 54 45 4F 53   		DB		"HARIBOTEOS "	; 
       00007C35 20 
    24 00007C36 46 41 54 31 32 20 20 20         		DB		"FAT12   "		; 
    25 00007C3E 00 00 00 00 00 00 00 00 00 00   		RESB	18				; 
       00007C48 00 00 00 00 00 00 00 00 
    26 00007C50                                 
    27 00007C50                                 ; 
    28 00007C50                                 
    29 00007C50                                 entry:
    30 00007C50 B8 0000                         		MOV		AX,0			; 
    31 00007C53 8E D0                           		MOV		SS,AX
    32 00007C55 BC 7C00                         		MOV		SP,0x7c00
    33 00007C58 8E D8                           		MOV		DS,AX
    34 00007C5A                                 
    35 00007C5A                                 ; 读盘
    36 00007C5A                                 
    37 00007C5A B8 0820                         		MOV		AX,0x0820		; 因为从0x8000往后的内存没有被提前占用
    38 00007C5D 8E C0                           		MOV		ES,AX
    39 00007C5F B5 00                           		MOV		CH,0			; 柱面0
    40 00007C61 B6 00                           		MOV		DH,0			; 磁头0
    41 00007C63 B1 02                           		MOV		CL,2			; 扇区2
    42 00007C65                                 readloop:		
    43 00007C65 BE 0000                         		MOV 	SI,0			; 记录尝试次数
    44 00007C68                                 retry:
    45 00007C68 B4 02                           		MOV		AH,0x02			; AH=0x02
    46 00007C6A B0 01                           		MOV		AL,1			; 1个扇区
    47 00007C6C BB 0000                         		MOV		BX,0
    48 00007C6F B2 00                           		MOV		DL,0x00			; A驱动器
    49 00007C71 CD 13                           		INT		0x13			; 调用BIOS的中断
    50 00007C73 73 10                           		JNC		next			; 如果没错跳到next
    51 00007C75 83 C6 01                        		ADD		SI,1			; 循环变量加一
    52 00007C78 83 FE 05                        		CMP		SI,5			;
    53 00007C7B 73 18                           		JAE		error			; 出错
    54 00007C7D                                 	
    55 00007C7D                                 		; 重置
    56 00007C7D B4 00                           		MOV		AH,0x00
    57 00007C7F B2 00                           		MOV		DL,0x00			;A驱动器
    58 00007C81 CD 13                           		INT 	0x13			;重置驱动器
    59 00007C83 EB E3                           		JMP		retry
    60 00007C85                                 
    61 00007C85                                 
    62 00007C85                                 next:
    63 00007C85 8C C0                           		MOV 	AX,ES			;将ES后移0x200，也就是下一个扇区
    64 00007C87 05 0200                         		ADD		AX,0x200		;
    65 00007C8A                                 		MOV		EX,AX			;ES不能直接和数字进行操作
      >> [ERROR #004] data type error.
    66 00007C8A 80 C1 01                        		ADD		CL,1			;读下一个扇区
    67 00007C8D 80 F9 12                        		CMP		CL,18			;是否读到第18扇区
    68 00007C90 76 D3                           		JBE		readloop		;如果没有的话，继续读
    69 00007C92                                 fin:	
    70 00007C92 F4                              		HLT
    71 00007C93 EB FD                           		JMP		fin
    72 00007C95                                 ; 显示出错信息
    73 00007C95                                 		
    74 00007C95                                 error:
    75 00007C95 BE 7CAA                         		MOV		SI,msg
    76 00007C98                                 putloop:
    77 00007C98 8A 04                           		MOV		AL,[SI]
    78 00007C9A 83 C6 01                        		ADD		SI,1			; SI指针
    79 00007C9D 3C 00                           		CMP		AL,0
    80 00007C9F 74 F1                           		JE		fin
    81 00007CA1 B4 0E                           		MOV		AH,0x0e			; 中断号
    82 00007CA3 BB 000F                         		MOV		BX,15			; 设置字体颜色
    83 00007CA6 CD 10                           		INT		0x10			; BIOS中断
    84 00007CA8 EB EE                           		JMP		putloop
    85 00007CAA                                 msg:
    86 00007CAA 0A 0A                           		DB		0x0a, 0x0a		; 换行
    87 00007CAC 6C 6F 61 64 20 65 72 72 6F 72   		DB		"load error"
    88 00007CB6 0A                              		DB		0x0a			; 换行
    89 00007CB7 00                              		DB		0
    90 00007CB8                                 
    91 00007CB8 00 00 00 00 00 00 00 00 00 00   		RESB	0x7dfe-$		; 从这里到第511字节处置零
       00007CC2 00 00 00 00 00 00 00 00 00 00 
       00007CCC 00 00 00 00 00 00 00 00 00 00 
       00007CD6 00 00 00 00 00 00 00 00 00 00 
       00007CE0 00 00 00 00 00 00 00 00 00 00 
       00007CEA 00 00 00 00 00 00 00 00 00 00 
       00007CF4 00 00 00 00 00 00 00 00 00 00 
       00007CFE 00 00 00 00 00 00 00 00 00 00 
       00007D08 00 00 00 00 00 00 00 00 00 00 
       00007D12 00 00 00 00 00 00 00 00 00 00 
       00007D1C 00 00 00 00 00 00 00 00 00 00 
       00007D26 00 00 00 00 00 00 00 00 00 00 
       00007D30 00 00 00 00 00 00 00 00 00 00 
       00007D3A 00 00 00 00 00 00 00 00 00 00 
       00007D44 00 00 00 00 00 00 00 00 00 00 
       00007D4E 00 00 00 00 00 00 00 00 00 00 
       00007D58 00 00 00 00 00 00 00 00 00 00 
       00007D62 00 00 00 00 00 00 00 00 00 00 
       00007D6C 00 00 00 00 00 00 00 00 00 00 
       00007D76 00 00 00 00 00 00 00 00 00 00 
       00007D80 00 00 00 00 00 00 00 00 00 00 
       00007D8A 00 00 00 00 00 00 00 00 00 00 
       00007D94 00 00 00 00 00 00 00 00 00 00 
       00007D9E 00 00 00 00 00 00 00 00 00 00 
       00007DA8 00 00 00 00 00 00 00 00 00 00 
       00007DB2 00 00 00 00 00 00 00 00 00 00 
       00007DBC 00 00 00 00 00 00 00 00 00 00 
       00007DC6 00 00 00 00 00 00 00 00 00 00 
       00007DD0 00 00 00 00 00 00 00 00 00 00 
       00007DDA 00 00 00 00 00 00 00 00 00 00 
       00007DE4 00 00 00 00 00 00 00 00 00 00 
       00007DEE 00 00 00 00 00 00 00 00 00 00 
       00007DF8 00 00 00 00 00 00 
    92 00007DFE                                 
    93 00007DFE 55 AA                           		DB		0x55, 0xaa		; 启动区结尾固有字节
